2025-04-21 13:42:57,056 - wine_quality_training - INFO - Memulai proses pelatihan model Wine Quality...
2025-04-21 13:42:57,056 - wine_quality_training - INFO - Mengatur koneksi MLflow dengan DagsHub...
2025-04-21 13:44:02,869 - wine_quality_training - INFO - Memulai proses pelatihan model Wine Quality...
2025-04-21 13:44:02,869 - wine_quality_training - INFO - Mengatur koneksi MLflow dengan DagsHub...
2025-04-21 13:49:03,905 - wine_quality_training - ERROR - Gagal mengatur koneksi MLflow: Expecting value: line 1 column 1 (char 0)
2025-04-21 13:49:03,933 - wine_quality_training - INFO - Menggunakan MLflow tracking lokal
2025-04-21 13:49:03,933 - wine_quality_training - INFO - Memuat data dari 'winequality_preprocessing'...
2025-04-21 13:49:03,992 - wine_quality_training - INFO - Data berhasil dimuat. Train: (5197, 11), Test: (1300, 11)
2025-04-21 13:49:03,992 - wine_quality_training - INFO - Menjalankan hyperparameter tuning...
2025-04-21 13:49:03,998 - wine_quality_tuning - INFO - Memulai proses hyperparameter tuning untuk Wine Quality...
2025-04-21 13:49:03,998 - wine_quality_tuning - INFO - Mengatur koneksi MLflow dengan DagsHub...
2025-04-21 13:55:20,309 - wine_quality_training - INFO - Memulai proses pelatihan model Wine Quality...
2025-04-21 13:55:20,309 - wine_quality_training - INFO - Mengatur koneksi MLflow dengan DagsHub...
2025-04-21 13:55:20,310 - wine_quality_training - INFO - MLflow tracking URI set to: https://dagshub.com/srios000/wine_quality_mlops.mlflow
2025-04-21 13:55:21,335 - wine_quality_training - INFO - Koneksi MLflow dengan DagsHub berhasil
2025-04-21 13:55:21,335 - wine_quality_training - INFO - Memuat data dari 'winequality_preprocessing'...
2025-04-21 13:55:21,361 - wine_quality_training - INFO - Data berhasil dimuat. Train: (5197, 11), Test: (1300, 11)
2025-04-21 13:55:21,361 - wine_quality_training - INFO - Menjalankan hyperparameter tuning...
2025-04-21 13:55:21,369 - wine_quality_tuning - INFO - Memulai proses hyperparameter tuning untuk Wine Quality...
2025-04-21 13:55:21,370 - wine_quality_tuning - INFO - Mengatur koneksi MLflow dengan DagsHub...
2025-04-21 13:55:21,370 - wine_quality_tuning - INFO - MLflow tracking URI set to: https://dagshub.com/srios000/wine_quality_mlops.mlflow
2025-04-21 13:55:22,339 - wine_quality_tuning - INFO - Koneksi MLflow dengan DagsHub berhasil
2025-04-21 13:55:22,341 - wine_quality_tuning - INFO - Memuat data dari 'winequality_preprocessing'...
2025-04-21 13:55:22,373 - wine_quality_tuning - INFO - Data berhasil dimuat. Train: (5197, 11), Test: (1300, 11)
2025-04-21 13:55:22,373 - wine_quality_tuning - INFO - Memulai tuning Random Forest...
2025-04-21 13:55:45,914 - wine_quality_tuning - INFO - Parameter terbaik untuk Random Forest: {'bootstrap': True, 'max_depth': 19, 'max_features': 'sqrt', 'min_samples_leaf': 1, 'min_samples_split': 8, 'n_estimators': 58}
2025-04-21 13:56:13,025 - wine_quality_tuning - INFO - Memulai tuning Gradient Boosting...
2025-04-21 13:56:37,158 - wine_quality_tuning - INFO - Parameter terbaik untuk Gradient Boosting: {'learning_rate': 0.02692347370813008, 'max_depth': 10, 'max_features': 'log2', 'min_samples_leaf': 6, 'min_samples_split': 3, 'n_estimators': 241, 'subsample': 0.9961057796456088}
2025-04-21 13:57:07,695 - wine_quality_tuning - INFO - Memulai tuning Elastic Net...
2025-04-21 13:57:07,967 - wine_quality_tuning - INFO - Parameter terbaik untuk Elastic Net: {'alpha': 0.007066305219717406, 'l1_ratio': 0.023062425041415757, 'max_iter': 1474, 'tol': 0.0006218528947223795}
2025-04-21 13:57:41,997 - wine_quality_tuning - INFO - Model terbaik hasil tuning: gradient_boosting
2025-04-21 13:57:42,000 - wine_quality_tuning - INFO - Run ID model terbaik: e28ef6635b494407a2f6bfbebfbe55c9
2025-04-21 13:57:42,047 - wine_quality_tuning - INFO - Model terbaik disimpan ke models/gradient_boosting_tuned_model.pkl
2025-04-21 13:57:42,047 - wine_quality_tuning - INFO - Proses hyperparameter tuning selesai!
2025-04-21 13:57:42,047 - wine_quality_training - INFO - Model terbaik dari tuning: gradient_boosting dengan run_id e28ef6635b494407a2f6bfbebfbe55c9
